<testsuite errors="0" failures="0" name="Django Project Tests" skips="0" tests="48" time="1.932"><testcase classname="cbc.tests.test_forms.TestForms" name="test_form_is_valid_blood_smear" time="0.019999" /><testcase classname="cbc.tests.test_forms.TestForms" name="test_form_is_valid_five_diff" time="0.016952" /><testcase classname="cbc.tests.test_forms.TestForms" name="test_form_is_valid_three_diff" time="0.015199" /><testcase classname="cbc.tests.test_models.TestModel" name="test_model_index_allergy_absolute" time="0.053868" /><testcase classname="cbc.tests.test_models.TestModel" name="test_model_index_allergy_relative" time="0.032334" /><testcase classname="cbc.tests.test_models.TestModel" name="test_model_index_intoxicationKK_absolute" time="0.029093" /><testcase classname="cbc.tests.test_models.TestModel" name="test_model_index_intoxicationKK_relative" time="0.027861" /><testcase classname="cbc.tests.test_models.TestModel" name="test_model_index_intoxicationO_absolute" time="0.031893" /><testcase classname="cbc.tests.test_models.TestModel" name="test_model_index_intoxicationO_relative" time="0.033304" /><testcase classname="cbc.tests.test_models.TestModel" name="test_model_index_nuclear_absolute" time="0.035107" /><testcase classname="cbc.tests.test_models.TestModel" name="test_model_index_nuclear_relative" time="0.040050" /><testcase classname="cbc.tests.test_models.TestModel" name="test_model_index_shift_absolute" time="0.037609" /><testcase classname="cbc.tests.test_models.TestModel" name="test_model_index_shift_relative" time="0.043768" /><testcase classname="cbc.tests.test_views.TestViewsBloodSmear" name="test_view_cbc_blood_smear_create" time="0.145211" /><testcase classname="cbc.tests.test_views.TestViewsBloodSmear" name="test_view_cbc_blood_smear_detail" time="0.064216" /><testcase classname="cbc.tests.test_views.TestViewsBloodSmear" name="test_view_cbc_blood_smear_update" time="0.057704" /><testcase classname="cbc.tests.test_views.TestViewsFiveDiff" name="test_view_cbc_five_diff_create" time="0.083857" /><testcase classname="cbc.tests.test_views.TestViewsFiveDiff" name="test_view_cbc_five_diff_detail" time="0.078898" /><testcase classname="cbc.tests.test_views.TestViewsFiveDiff" name="test_view_cbc_five_diff_update" time="0.068571" /><testcase classname="cbc.tests.test_views.TestViewsGeneral" name="test_view_cbc_chart_common" time="0.093467" /><testcase classname="cbc.tests.test_views.TestViewsGeneral" name="test_view_cbc_chart_diff" time="0.114842" /><testcase classname="cbc.tests.test_views.TestViewsGeneral" name="test_view_cbc_chart_index" time="0.052710" /><testcase classname="cbc.tests.test_views.TestViewsGeneral" name="test_view_cbc_delete" time="0.053595" /><testcase classname="cbc.tests.test_views.TestViewsGeneral" name="test_view_cbc_list" time="0.045200" /><testcase classname="cbc.tests.test_views.TestViewsGeneral" name="test_view_home" time="0.085730" /><testcase classname="cbc.tests.test_views.TestViewsThreeDiff" name="test_view_cbc_three_diff_create" time="0.074813" /><testcase classname="cbc.tests.test_views.TestViewsThreeDiff" name="test_view_cbc_three_diff_detail" time="0.050175" /><testcase classname="cbc.tests.test_views.TestViewsThreeDiff" name="test_view_cbc_three_diff_update" time="0.045938" /><testcase classname="patient.tests.test_models.TestModel" name="test_model_patient_age" time="0.101901" /><testcase classname="patient.tests.test_views.TestViewsPatient" name="test_view_patient_edit_profile" time="0.052288" /><testcase classname="cbc.tests.test_urls.TestUrlsBloodSmear" name="test_url_cbc_blood_smear_create" time="0.000582" /><testcase classname="cbc.tests.test_urls.TestUrlsBloodSmear" name="test_url_cbc_blood_smear_detail" time="0.000459" /><testcase classname="cbc.tests.test_urls.TestUrlsBloodSmear" name="test_url_cbc_blood_smear_update" time="0.000591" /><testcase classname="cbc.tests.test_urls.TestUrlsChart" name="test_url_cbc_chart_common" time="0.000527" /><testcase classname="cbc.tests.test_urls.TestUrlsChart" name="test_url_cbc_chart_diff" time="0.000367" /><testcase classname="cbc.tests.test_urls.TestUrlsChart" name="test_url_cbc_chart_index" time="0.000446" /><testcase classname="cbc.tests.test_urls.TestUrlsFiveDiff" name="test_url_cbc_five_diff_create" time="0.000427" /><testcase classname="cbc.tests.test_urls.TestUrlsFiveDiff" name="test_url_cbc_five_diff_detail" time="0.000377" /><testcase classname="cbc.tests.test_urls.TestUrlsFiveDiff" name="test_url_cbc_five_diff_update" time="0.000441" /><testcase classname="cbc.tests.test_urls.TestUrlsGeneral" name="test_url_cbc_delete" time="0.000466" /><testcase classname="cbc.tests.test_urls.TestUrlsGeneral" name="test_url_cbc_list" time="0.000367" /><testcase classname="cbc.tests.test_urls.TestUrlsGeneral" name="test_url_home" time="0.000376" /><testcase classname="cbc.tests.test_urls.TestUrlsThreeDiff" name="test_url_cbc_three_diff_create" time="0.000320" /><testcase classname="cbc.tests.test_urls.TestUrlsThreeDiff" name="test_url_cbc_three_diff_detail" time="0.000313" /><testcase classname="cbc.tests.test_urls.TestUrlsThreeDiff" name="test_url_cbc_three_diff_update" time="0.000379" /><testcase classname="patient.tests.test_urls.TestUrls" name="test_url_patient_edit_profile" time="0.000555" /><testcase classname="patient.tests.test_urls.TestUrls" name="test_url_patient_login" time="0.000499" /><testcase classname="patient.tests.test_urls.TestUrls" name="test_url_patient_register" time="0.000339" /></testsuite>